0 info it worked if it ends with ok
1 verbose cli [ 'C:\\Program Files (x86)\\nodejs\\node.exe',
1 verbose cli   'C:\\Program Files (x86)\\nodejs\\node_modules\\npm\\bin\\npm-cli.js',
1 verbose cli   'install',
1 verbose cli   'typings',
1 verbose cli   '–D' ]
2 info using npm@2.15.8
3 info using node@v4.4.7
4 verbose install initial load of c:\MyDevelopent\TestandExperiment\package.json
5 warn package.json crossmob@0.0.0 No repository field.
6 warn package.json crossmob@0.0.0 No README data
7 warn package.json crossmob@0.0.0 No license field.
8 verbose installManyTop reading scoped package data from c:\MyDevelopent\TestandExperiment\node_modules\express\package.json
9 verbose readDependencies loading dependencies from c:\MyDevelopent\TestandExperiment\package.json
10 silly cache add args [ 'typings', null ]
11 verbose cache add spec typings
12 silly cache add args [ '–D', null ]
13 verbose cache add spec –D
14 silly cache add parsed spec Result {
14 silly cache add   raw: 'typings',
14 silly cache add   scope: null,
14 silly cache add   name: 'typings',
14 silly cache add   rawSpec: '',
14 silly cache add   spec: 'latest',
14 silly cache add   type: 'tag' }
15 silly addNamed typings@latest
16 verbose addNamed "latest" is being treated as a dist-tag for typings
17 info addNameTag [ 'typings', 'latest' ]
18 silly mapToRegistry name typings
19 silly mapToRegistry using default registry
20 silly mapToRegistry registry https://registry.npmjs.org/
21 silly mapToRegistry data Result {
21 silly mapToRegistry   raw: 'typings',
21 silly mapToRegistry   scope: null,
21 silly mapToRegistry   name: 'typings',
21 silly mapToRegistry   rawSpec: '',
21 silly mapToRegistry   spec: 'latest',
21 silly mapToRegistry   type: 'tag' }
22 silly mapToRegistry uri https://registry.npmjs.org/typings
23 verbose addNameTag registry:https://registry.npmjs.org/typings not in flight; fetching
24 silly cache add parsed spec Result {
24 silly cache add   raw: '–D',
24 silly cache add   scope: null,
24 silly cache add   name: null,
24 silly cache add   rawSpec: '–D',
24 silly cache add   spec: 'c:\\MyDevelopent\\TestandExperiment\\–D',
24 silly cache add   type: 'local' }
25 error addLocal Could not install c:\MyDevelopent\TestandExperiment\–D
26 verbose request uri https://registry.npmjs.org/typings
27 verbose request no auth needed
28 info attempt registry request try #1 at 12:33:29 PM
29 verbose request id 2ddfae59b4f8b898
30 http request GET https://registry.npmjs.org/typings
31 info retry will retry, error on last attempt: TypeError: The header content contains invalid characters
32 info attempt registry request try #2 at 12:33:39 PM
33 http request GET https://registry.npmjs.org/typings
34 info retry will retry, error on last attempt: TypeError: The header content contains invalid characters
35 info attempt registry request try #3 at 12:34:39 PM
36 http request GET https://registry.npmjs.org/typings
37 verbose stack Error: ENOENT: no such file or directory, open 'c:\MyDevelopent\TestandExperiment\–D'
37 verbose stack     at Error (native)
38 verbose cwd c:\MyDevelopent\TestandExperiment
39 error Windows_NT 6.1.7601
40 error argv "C:\\Program Files (x86)\\nodejs\\node.exe" "C:\\Program Files (x86)\\nodejs\\node_modules\\npm\\bin\\npm-cli.js" "install" "typings" "–D"
41 error node v4.4.7
42 error npm  v2.15.8
43 error path c:\MyDevelopent\TestandExperiment\–D
44 error code ENOENT
45 error errno -4058
46 error syscall open
47 error enoent ENOENT: no such file or directory, open 'c:\MyDevelopent\TestandExperiment\–D'
47 error enoent This is most likely not a problem with npm itself
47 error enoent and is related to npm not being able to find a file.
48 verbose exit [ -4058, true ]
